[debug] [2021-11-15T10:42:27.900Z] ----------------------------------------------------------------------
[debug] [2021-11-15T10:42:27.903Z] Command:       /usr/bin/node /usr/bin/firebase init
[debug] [2021-11-15T10:42:27.903Z] CLI Version:   9.22.0
[debug] [2021-11-15T10:42:27.903Z] Platform:      linux
[debug] [2021-11-15T10:42:27.904Z] Node Version:  v16.13.0
[debug] [2021-11-15T10:42:27.904Z] Time:          Mon Nov 15 2021 16:12:27 GMT+0530 (India Standard Time)
[debug] [2021-11-15T10:42:27.904Z] ----------------------------------------------------------------------
[debug] 
[debug] [2021-11-15T10:42:27.919Z] > command requires scopes: ["email","openid","https://www.googleapis.com/auth/cloudplatformprojects.readonly","https://www.googleapis.com/auth/firebase","https://www.googleapis.com/auth/cloud-platform"]
[debug] [2021-11-15T10:42:27.920Z] > authorizing via signed-in user (fedev.sudipto@gmail.com)
[info] 
     ######## #### ########  ######## ########     ###     ######  ########
     ##        ##  ##     ## ##       ##     ##  ##   ##  ##       ##
     ######    ##  ########  ######   ########  #########  ######  ######
     ##        ##  ##    ##  ##       ##     ## ##     ##       ## ##
     ##       #### ##     ## ######## ########  ##     ##  ######  ########

You're about to initialize a Firebase project in this directory:

  /media/sudipto/New Volume/Heraizen-Training/Angular/min-ang01

Before we get started, keep in mind:

  * You are currently outside your home directory

[info] 
=== Project Setup
[info] 
[info] First, let's associate this project directory with a Firebase project.
[info] You can create multiple project aliases by running firebase use --add, 
[info] but for now we'll just set up a default project.
[info] 
[debug] [2021-11-15T10:42:56.493Z] >>> [apiv2][query] GET https://firebase.googleapis.com/v1beta1/projects pageSize=100
[debug] [2021-11-15T10:42:57.265Z] <<< [apiv2][status] GET https://firebase.googleapis.com/v1beta1/projects 200
[debug] [2021-11-15T10:42:57.266Z] <<< [apiv2][body] GET https://firebase.googleapis.com/v1beta1/projects [omitted]
[info] i  Using project min-angular-site (min-angular-site) 
[info] 
=== Hosting:github Setup
[info] 
[info] i  Detected a .git folder at /media/sudipto/New Volume/Heraizen-Training/Angular/min-ang01 
[info] i  Authorizing with GitHub to upload your service account to a GitHub repository's secrets store. 
[info] 
[info] Visit this URL on this device to log in:
[info] https://github.com/login/oauth/authorize?client_id=89cf50f02ac6aaed3484&state=586561698&redirect_uri=http%3A%2F%2Flocalhost%3A9005&scope=read%3Auser%20repo%20public_repo
[info] 
[info] Waiting for authentication...
[debug] [2021-11-15T10:43:13.634Z] >>> HTTP REQUEST POST https://github.com/login/oauth/access_token  
 {"client_id":"89cf50f02ac6aaed3484","client_secret":"3330d14abc895d9a74d5f17cd7a00711fa2c5bf0","code":"a72e34a4875a06a5e5c0","redirect_uri":"http://localhost:9005","state":"586561698"}
[debug] [2021-11-15T10:43:14.065Z] <<< HTTP RESPONSE 200 {"server":"GitHub.com","date":"Mon, 15 Nov 2021 10:43:13 GMT","content-type":"application/json; charset=utf-8","transfer-encoding":"chunked","vary":"X-PJAX, X-PJAX-Container, Accept-Encoding, Accept, X-Requested-With","permissions-policy":"interest-cohort=()","etag":"W/\"6593cdda196c735fb2d8b5c43690eca9\"","cache-control":"max-age=0, private, must-revalidate","strict-transport-security":"max-age=31536000; includeSubdomains; preload","x-frame-options":"deny","x-content-type-options":"nosniff","x-xss-protection":"0","referrer-policy":"origin-when-cross-origin, strict-origin-when-cross-origin","expect-ct":"max-age=2592000, report-uri=\"https://api.github.com/_private/browser/errors\"","content-security-policy":"default-src 'none'; base-uri 'self'; block-all-mixed-content; child-src github.com/assets-cdn/worker/ gist.github.com/assets-cdn/worker/; connect-src 'self' uploads.github.com objects-origin.githubusercontent.com www.githubstatus.com collector.githubapp.com api.github.com github-cloud.s3.amazonaws.com github-production-repository-file-5c1aeb.s3.amazonaws.com github-production-upload-manifest-file-7fdce7.s3.amazonaws.com github-production-user-asset-6210df.s3.amazonaws.com cdn.optimizely.com logx.optimizely.com/v1/events translator.github.com wss://alive.github.com; font-src github.githubassets.com; form-action 'self' github.com gist.github.com objects-origin.githubusercontent.com; frame-ancestors 'none'; frame-src render.githubusercontent.com viewscreen.githubusercontent.com notebooks.githubusercontent.com; img-src 'self' data: github.githubassets.com identicons.github.com collector.githubapp.com github-cloud.s3.amazonaws.com secured-user-images.githubusercontent.com/ *.githubusercontent.com; manifest-src 'self'; media-src github.com user-images.githubusercontent.com/; script-src github.githubassets.com; style-src 'unsafe-inline' github.githubassets.com; worker-src github.com/assets-cdn/worker/ gist.github.com/assets-cdn/worker/","x-github-request-id":"95AE:2C2A:BD7AE:1FF674:619239C1"}
[debug] [2021-11-15T10:43:14.071Z] >>> [apiv2][query] GET https://api.github.com/user [none]
[debug] [2021-11-15T10:43:14.411Z] <<< [apiv2][status] GET https://api.github.com/user 200
[debug] [2021-11-15T10:43:14.412Z] <<< [apiv2][body] GET https://api.github.com/user {"login":"web-dot","id":62030572,"node_id":"MDQ6VXNlcjYyMDMwNTcy","avatar_url":"https://avatars.githubusercontent.com/u/62030572?v=4","gravatar_id":"","url":"https://api.github.com/users/web-dot","html_url":"https://github.com/web-dot","followers_url":"https://api.github.com/users/web-dot/followers","following_url":"https://api.github.com/users/web-dot/following{/other_user}","gists_url":"https://api.github.com/users/web-dot/gists{/gist_id}","starred_url":"https://api.github.com/users/web-dot/starred{/owner}{/repo}","subscriptions_url":"https://api.github.com/users/web-dot/subscriptions","organizations_url":"https://api.github.com/users/web-dot/orgs","repos_url":"https://api.github.com/users/web-dot/repos","events_url":"https://api.github.com/users/web-dot/events{/privacy}","received_events_url":"https://api.github.com/users/web-dot/received_events","type":"User","site_admin":false,"name":null,"company":null,"blog":"","location":null,"email":null,"hireable":null,"bio":null,"twitter_username":null,"public_repos":42,"public_gists":1,"followers":0,"following":3,"created_at":"2020-03-10T17:45:37Z","updated_at":"2021-11-15T10:12:58Z","private_gists":0,"total_private_repos":1,"owned_private_repos":1,"disk_usage":271194,"collaborators":0,"two_factor_authentication":false,"plan":{"name":"free","space":976562499,"collaborators":0,"private_repos":10000}}
[info] 
[info] ✔  Success! Logged into GitHub as web-dot 
[info] 
[debug] [2021-11-15T10:44:20.000Z] >>> [apiv2][query] GET https://api.github.com/repos//actions/secrets/public-key type=owner
[debug] [2021-11-15T10:44:20.370Z] <<< [apiv2][status] GET https://api.github.com/repos//actions/secrets/public-key 404
[debug] [2021-11-15T10:44:20.370Z] <<< [apiv2][body] GET https://api.github.com/repos//actions/secrets/public-key {"message":"Not Found","documentation_url":"https://docs.github.com/rest"}
[debug] [2021-11-15T10:44:21.026Z] >>> [apiv2][query] GET https://api.github.com/repos//actions/secrets/public-key type=owner
[debug] [2021-11-15T10:44:21.284Z] <<< [apiv2][status] GET https://api.github.com/repos//actions/secrets/public-key 404
[debug] [2021-11-15T10:44:21.284Z] <<< [apiv2][body] GET https://api.github.com/repos//actions/secrets/public-key {"message":"Not Found","documentation_url":"https://docs.github.com/rest"}
[debug] [2021-11-15T10:44:27.149Z] >>> [apiv2][query] GET https://api.github.com/repos//actions/secrets/public-key type=owner
[debug] [2021-11-15T10:44:27.431Z] <<< [apiv2][status] GET https://api.github.com/repos//actions/secrets/public-key 404
[debug] [2021-11-15T10:44:27.431Z] <<< [apiv2][body] GET https://api.github.com/repos//actions/secrets/public-key {"message":"Not Found","documentation_url":"https://docs.github.com/rest"}
